<?xml version="1.0" encoding="UTF-8"?>
<!-- Generated by org.testng.reporters.JUnitXMLReporter -->
<testsuite hostname="DESKTOP-I53I0DN" ignored="0" name="Test" tests="12" failures="0" timestamp="2021-11-16T18:10:25 IST" time="130.933" errors="0">
  <testcase name="homePageLanding" time="10.554" classname="com.mindtree.runner.BigSmall"/>
  <testcase name="signInTesting" time="11.836" classname="com.mindtree.runner.BigSmall"/>
  <testcase name="signInTesting" time="7.704" classname="com.mindtree.runner.BigSmall"/>
  <testcase name="signInTesting" time="8.199" classname="com.mindtree.runner.BigSmall"/>
  <testcase name="PersonalizedGifts_Page" time="7.757" classname="com.mindtree.runner.BigSmall"/>
  <testcase name="Search_Page" time="8.798" classname="com.mindtree.runner.BigSmall"/>
  <testcase name="ChristmasGifts_Page" time="28.841" classname="com.mindtree.runner.BigSmall"/>
  <testcase name="ShopByCategory_Page" time="16.372" classname="com.mindtree.runner.BigSmall"/>
  <testcase name="AllofIt_Page" time="6.32" classname="com.mindtree.runner.BigSmall"/>
  <testcase name="Wishlist_Page" time="8.002" classname="com.mindtree.runner.BigSmall"/>
  <testcase name="AboutUs_Page" time="3.455" classname="com.mindtree.runner.BigSmall"/>
  <testcase name="GiftCard_Page" time="5.513" classname="com.mindtree.runner.BigSmall"/>
</testsuite> <!-- Test -->
